mode: set
/home/aaf/Software/Dev/code_and_share/steps_datafeed/main.go:60.60,66.2 3 1
/home/aaf/Software/Dev/code_and_share/steps_datafeed/main.go:68.58,71.27 3 1
/home/aaf/Software/Dev/code_and_share/steps_datafeed/main.go:74.2,75.25 2 1
/home/aaf/Software/Dev/code_and_share/steps_datafeed/main.go:84.2,84.33 1 1
/home/aaf/Software/Dev/code_and_share/steps_datafeed/main.go:71.27,73.3 1 0
/home/aaf/Software/Dev/code_and_share/steps_datafeed/main.go:75.25,77.3 1 1
/home/aaf/Software/Dev/code_and_share/steps_datafeed/main.go:77.8,80.17 3 0
/home/aaf/Software/Dev/code_and_share/steps_datafeed/main.go:80.17,82.4 1 0
/home/aaf/Software/Dev/code_and_share/steps_datafeed/main.go:87.58,90.27 3 1
/home/aaf/Software/Dev/code_and_share/steps_datafeed/main.go:93.2,94.25 2 1
/home/aaf/Software/Dev/code_and_share/steps_datafeed/main.go:104.2,108.37 4 1
/home/aaf/Software/Dev/code_and_share/steps_datafeed/main.go:113.2,115.28 3 1
/home/aaf/Software/Dev/code_and_share/steps_datafeed/main.go:90.27,92.3 1 0
/home/aaf/Software/Dev/code_and_share/steps_datafeed/main.go:94.25,96.3 1 1
/home/aaf/Software/Dev/code_and_share/steps_datafeed/main.go:96.8,99.17 3 0
/home/aaf/Software/Dev/code_and_share/steps_datafeed/main.go:99.17,101.4 1 0
/home/aaf/Software/Dev/code_and_share/steps_datafeed/main.go:108.37,112.3 1 1
/home/aaf/Software/Dev/code_and_share/steps_datafeed/main.go:118.56,119.29 1 1
/home/aaf/Software/Dev/code_and_share/steps_datafeed/main.go:124.2,124.17 1 1
/home/aaf/Software/Dev/code_and_share/steps_datafeed/main.go:119.29,120.30 1 0
/home/aaf/Software/Dev/code_and_share/steps_datafeed/main.go:120.30,122.4 1 0
/home/aaf/Software/Dev/code_and_share/steps_datafeed/main.go:127.63,129.20 2 1
/home/aaf/Software/Dev/code_and_share/steps_datafeed/main.go:129.20,137.3 4 0
/home/aaf/Software/Dev/code_and_share/steps_datafeed/main.go:137.8,150.3 6 1
/home/aaf/Software/Dev/code_and_share/steps_datafeed/main.go:153.27,162.2 7 1
/home/aaf/Software/Dev/code_and_share/steps_datafeed/main.go:164.69,165.15 1 1
/home/aaf/Software/Dev/code_and_share/steps_datafeed/main.go:166.18,176.46 4 1
/home/aaf/Software/Dev/code_and_share/steps_datafeed/main.go:180.10,183.21 2 0
/home/aaf/Software/Dev/code_and_share/steps_datafeed/main.go:193.3,194.46 2 0
/home/aaf/Software/Dev/code_and_share/steps_datafeed/main.go:176.46,179.4 2 0
/home/aaf/Software/Dev/code_and_share/steps_datafeed/main.go:183.21,186.40 3 0
/home/aaf/Software/Dev/code_and_share/steps_datafeed/main.go:189.4,191.5 1 0
/home/aaf/Software/Dev/code_and_share/steps_datafeed/main.go:186.40,188.5 1 0
/home/aaf/Software/Dev/code_and_share/steps_datafeed/main.go:194.46,197.4 2 0
/home/aaf/Software/Dev/code_and_share/steps_datafeed/main.go:201.13,205.2 3 0
