mode: set
/home/aaf/Software/Dev/code_and_share/steps_datafeed/main.go:66.16,69.19 2 0
/home/aaf/Software/Dev/code_and_share/steps_datafeed/main.go:73.2,74.19 2 0
/home/aaf/Software/Dev/code_and_share/steps_datafeed/main.go:79.2,80.19 2 0
/home/aaf/Software/Dev/code_and_share/steps_datafeed/main.go:85.2,86.19 2 0
/home/aaf/Software/Dev/code_and_share/steps_datafeed/main.go:91.2,92.19 2 0
/home/aaf/Software/Dev/code_and_share/steps_datafeed/main.go:98.2,98.100 1 0
/home/aaf/Software/Dev/code_and_share/steps_datafeed/main.go:69.19,72.3 2 0
/home/aaf/Software/Dev/code_and_share/steps_datafeed/main.go:74.19,77.3 2 0
/home/aaf/Software/Dev/code_and_share/steps_datafeed/main.go:80.19,84.3 3 0
/home/aaf/Software/Dev/code_and_share/steps_datafeed/main.go:86.19,90.3 3 0
/home/aaf/Software/Dev/code_and_share/steps_datafeed/main.go:92.19,96.3 3 0
/home/aaf/Software/Dev/code_and_share/steps_datafeed/main.go:101.60,107.2 3 1
/home/aaf/Software/Dev/code_and_share/steps_datafeed/main.go:109.58,112.27 3 1
/home/aaf/Software/Dev/code_and_share/steps_datafeed/main.go:115.2,116.25 2 1
/home/aaf/Software/Dev/code_and_share/steps_datafeed/main.go:125.2,125.33 1 1
/home/aaf/Software/Dev/code_and_share/steps_datafeed/main.go:112.27,114.3 1 0
/home/aaf/Software/Dev/code_and_share/steps_datafeed/main.go:116.25,118.3 1 1
/home/aaf/Software/Dev/code_and_share/steps_datafeed/main.go:118.8,121.17 3 0
/home/aaf/Software/Dev/code_and_share/steps_datafeed/main.go:121.17,123.4 1 0
/home/aaf/Software/Dev/code_and_share/steps_datafeed/main.go:128.58,131.27 3 1
/home/aaf/Software/Dev/code_and_share/steps_datafeed/main.go:134.2,135.25 2 1
/home/aaf/Software/Dev/code_and_share/steps_datafeed/main.go:145.2,149.37 4 1
/home/aaf/Software/Dev/code_and_share/steps_datafeed/main.go:152.2,154.28 3 1
/home/aaf/Software/Dev/code_and_share/steps_datafeed/main.go:131.27,133.3 1 0
/home/aaf/Software/Dev/code_and_share/steps_datafeed/main.go:135.25,137.3 1 1
/home/aaf/Software/Dev/code_and_share/steps_datafeed/main.go:137.8,140.17 3 0
/home/aaf/Software/Dev/code_and_share/steps_datafeed/main.go:140.17,142.4 1 0
/home/aaf/Software/Dev/code_and_share/steps_datafeed/main.go:149.37,151.3 1 1
/home/aaf/Software/Dev/code_and_share/steps_datafeed/main.go:157.56,158.29 1 1
/home/aaf/Software/Dev/code_and_share/steps_datafeed/main.go:163.2,163.17 1 1
/home/aaf/Software/Dev/code_and_share/steps_datafeed/main.go:158.29,159.30 1 0
/home/aaf/Software/Dev/code_and_share/steps_datafeed/main.go:159.30,161.4 1 0
/home/aaf/Software/Dev/code_and_share/steps_datafeed/main.go:166.63,168.20 2 1
/home/aaf/Software/Dev/code_and_share/steps_datafeed/main.go:168.20,176.3 4 0
/home/aaf/Software/Dev/code_and_share/steps_datafeed/main.go:176.8,189.3 6 1
/home/aaf/Software/Dev/code_and_share/steps_datafeed/main.go:192.27,201.2 7 1
/home/aaf/Software/Dev/code_and_share/steps_datafeed/main.go:203.69,204.15 1 1
/home/aaf/Software/Dev/code_and_share/steps_datafeed/main.go:205.18,208.17 3 1
/home/aaf/Software/Dev/code_and_share/steps_datafeed/main.go:211.3,212.46 2 1
/home/aaf/Software/Dev/code_and_share/steps_datafeed/main.go:216.10,219.21 2 0
/home/aaf/Software/Dev/code_and_share/steps_datafeed/main.go:229.3,230.46 2 0
/home/aaf/Software/Dev/code_and_share/steps_datafeed/main.go:208.17,210.4 1 1
/home/aaf/Software/Dev/code_and_share/steps_datafeed/main.go:212.46,215.4 2 0
/home/aaf/Software/Dev/code_and_share/steps_datafeed/main.go:219.21,222.40 3 0
/home/aaf/Software/Dev/code_and_share/steps_datafeed/main.go:225.4,227.5 1 0
/home/aaf/Software/Dev/code_and_share/steps_datafeed/main.go:222.40,224.5 1 0
/home/aaf/Software/Dev/code_and_share/steps_datafeed/main.go:230.46,233.4 2 0
/home/aaf/Software/Dev/code_and_share/steps_datafeed/main.go:237.58,243.16 6 1
/home/aaf/Software/Dev/code_and_share/steps_datafeed/main.go:247.2,250.16 3 1
/home/aaf/Software/Dev/code_and_share/steps_datafeed/main.go:286.2,290.22 5 1
/home/aaf/Software/Dev/code_and_share/steps_datafeed/main.go:243.16,246.3 2 0
/home/aaf/Software/Dev/code_and_share/steps_datafeed/main.go:250.16,253.3 2 1
/home/aaf/Software/Dev/code_and_share/steps_datafeed/main.go:253.8,256.17 3 0
/home/aaf/Software/Dev/code_and_share/steps_datafeed/main.go:260.3,261.27 2 0
/home/aaf/Software/Dev/code_and_share/steps_datafeed/main.go:275.3,283.4 2 0
/home/aaf/Software/Dev/code_and_share/steps_datafeed/main.go:256.17,259.4 2 0
/home/aaf/Software/Dev/code_and_share/steps_datafeed/main.go:261.27,265.64 3 0
/home/aaf/Software/Dev/code_and_share/steps_datafeed/main.go:269.4,273.42 2 0
/home/aaf/Software/Dev/code_and_share/steps_datafeed/main.go:265.64,267.5 1 0
/home/aaf/Software/Dev/code_and_share/steps_datafeed/main.go:295.13,300.2 4 0
